\BOOKMARK [1][-]{section.1}{Rational points on a circle \(Calculus\)}{}% 1
\BOOKMARK [2][-]{subsection.1.1}{Solution}{section.1}% 2
\BOOKMARK [1][-]{section.2}{Always lead in election \(Combinatorics\)}{}% 3
\BOOKMARK [2][-]{subsection.2.1}{Solution}{section.2}% 4
\BOOKMARK [1][-]{section.3}{Four Coke bottles on a table \(Geometry\)}{}% 5
\BOOKMARK [2][-]{subsection.3.1}{Solution}{section.3}% 6
\BOOKMARK [1][-]{section.4}{Strange Trip \(Geometry\)}{}% 7
\BOOKMARK [2][-]{subsection.4.1}{Solution}{section.4}% 8
\BOOKMARK [1][-]{section.5}{Three Cards \(Probability\)}{}% 9
\BOOKMARK [2][-]{subsection.5.1}{Solution}{section.5}% 10
\BOOKMARK [1][-]{section.6}{Monty Hall Problem \(Probability\)}{}% 11
\BOOKMARK [2][-]{subsection.6.1}{Solution}{section.6}% 12
\BOOKMARK [1][-]{section.7}{4 Door Monty Hall Problem \(Probability\)}{}% 13
\BOOKMARK [2][-]{subsection.7.1}{Solution}{section.7}% 14
\BOOKMARK [1][-]{section.8}{Two Envelopes, Also known as the exchange paradox \(Probability\)}{}% 15
\BOOKMARK [2][-]{subsection.8.1}{Solution}{section.8}% 16
\BOOKMARK [1][-]{section.9}{100 urns \(Mathematics\)}{}% 17
\BOOKMARK [2][-]{subsection.9.1}{Solution}{section.9}% 18
\BOOKMARK [1][-]{section.10}{Blue and red martians \(Distributed algorithms\)}{}% 19
\BOOKMARK [2][-]{subsection.10.1}{Solution}{section.10}% 20
\BOOKMARK [1][-]{section.11}{The Wardens challenge \(Distributed algorithms\)}{}% 21
\BOOKMARK [2][-]{subsection.11.1}{Solution}{section.11}% 22
\BOOKMARK [1][-]{section.12}{Jumping frogs \(Geometric\)}{}% 23
\BOOKMARK [2][-]{subsection.12.1}{Solution}{section.12}% 24
\BOOKMARK [1][-]{section.13}{Liers and Truth tellers \(Logic\)}{}% 25
\BOOKMARK [2][-]{subsection.13.1}{Solution}{section.13}% 26
\BOOKMARK [1][-]{section.14}{22n-1 \(Number theory\)}{}% 27
\BOOKMARK [2][-]{subsection.14.1}{Solution}{section.14}% 28
\BOOKMARK [1][-]{section.15}{25 horses, 3 best \(Sorting\)}{}% 29
\BOOKMARK [2][-]{subsection.15.1}{Solution}{section.15}% 30
\BOOKMARK [1][-]{section.16}{Find number of bits in large data set \(Computing efficiency\)}{}% 31
\BOOKMARK [2][-]{subsection.16.1}{Solution}{section.16}% 32
\BOOKMARK [1][-]{section.17}{Two bits out of three using one \(Information theory\)}{}% 33
\BOOKMARK [2][-]{subsection.17.1}{Solution}{section.17}% 34
